<?xml version="1.0" encoding="UTF-8"?>
<!-- Generated by org.testng.reporters.JUnitReportReporter -->
<testsuite hostname="sanjay1670-01" name="com.amazon.tests.CartTest" tests="1" failures="0" timestamp="4 Aug 2019 19:13:30 GMT" time="38.431" errors="0">
  <testcase name="addProductToCart" time="38.431" classname="com.amazon.tests.CartTest"/>
</testsuite> <!-- com.amazon.tests.CartTest -->
